<?xml version="1.0" encoding="UTF-8"?>
<!-- Generated by org.testng.reporters.JUnitReportReporter -->
<testsuite hostname="LAPTOP-ILEVVRC8" failures="0" tests="3" name="practice.Demo" time="50.146" errors="0" timestamp="2025-07-14T23:09:26 IST" skipped="0">
  <testcase classname="practice.Demo" name="createOrg" time="12.985"/>
  <testcase classname="practice.Demo" name="createTrucker" time="13.974"/>
  <testcase classname="practice.Demo" name="createContact" time="23.187"/>
</testsuite> <!-- practice.Demo -->
