<?xml version="1.0" encoding="UTF-8"?>
<!-- Generated by org.testng.reporters.JUnitReportReporter -->
<testsuite hostname="LAPTOP-ILEVVRC8" failures="0" tests="3" name="practice.Sample" time="0.039" errors="0" timestamp="2025-07-15T10:09:39 IST" skipped="0">
  <testcase classname="practice.Sample" name="createTrucker" time="0.007"/>
  <testcase classname="practice.Sample" name="createContact" time="0.022"/>
  <testcase classname="practice.Sample" name="createOrg" time="0.010"/>
</testsuite> <!-- practice.Sample -->
